Build started 06/03/2017 19:08:19.
     1>Project "D:\Documents\University\RealTimeRendering\12041041 - DX11Cswk - CS3S603 Assignment02\DX11Proj\DX11Proj.vcxproj" on node 2 (Build target(s)).
     1>ClCompile:
         C:\Program Files (x86)\Microsoft Visual Studio 12.0\VC\bin\CL.exe /c /ZI /nologo /W3 /WX- /sdl /Od /Oy- /D __GU_DEBUG_MEMORY__ /D WIN32 /D _DEBUG /D _WINDOWS /D _UNICODE /D UNICODE /Gm /EHsc /RTC1 /MDd /GS /fp:precise /Zc:wchar_t /Zc:forScope /Yu"stdafx.h" /Fp"Debug\DX11Proj.pch" /Fo"Debug\\" /Fd"Debug\vc120.pdb" /Gd /TP /analyze- /errorReport:prompt Source\main.cpp
         main.cpp
       Link:
         C:\Program Files (x86)\Microsoft Visual Studio 12.0\VC\bin\link.exe /ERRORREPORT:PROMPT /OUT:"D:\Documents\University\RealTimeRendering\12041041 - DX11Cswk - CS3S603 Assignment02\DX11Proj\Debug\DX11Proj.exe" /INCREMENTAL /NOLOGO D3DCompiler.lib DirectXTK\bin\DirectXTK.lib DXGI.lib D3D11.lib CoreStructures\CoreStructures.lib CGImport3\CGImport3.lib kernel32.lib user32.lib gdi32.lib winspool.lib comdlg32.lib advapi32.lib shell32.lib ole32.lib oleaut32.lib uuid.lib odbc32.lib odbccp32.lib kernel32.lib user32.lib gdi32.lib winspool.lib comdlg32.lib advapi32.lib shell32.lib ole32.lib oleaut32.lib uuid.lib odbc32.lib odbccp32.lib /MANIFEST /MANIFESTUAC:"level='asInvoker' uiAccess='false'" /manifest:embed /DEBUG /PDB:"D:\Documents\University\RealTimeRendering\12041041 - DX11Cswk - CS3S603 Assignment02\DX11Proj\Debug\DX11Proj.pdb" /SUBSYSTEM:WINDOWS /TLBID:1 /DYNAMICBASE /NXCOMPAT /IMPLIB:"D:\Documents\University\RealTimeRendering\12041041 - DX11Cswk - CS3S603 Assignment02\DX11Proj\Debug\DX11Proj.lib" /MACHINE:X86 Debug\Box.obj
         Debug\CameraClass.obj
         Debug\CSGravity.obj
         Debug\D3D11Init.obj
         Debug\DXBaseModel.obj
         Debug\DXModel.obj
         Debug\DXModelNormal.obj
         Debug\DXVertexParticle.obj
         Debug\Grid.obj
         Debug\GUConsole.obj
         Debug\DXVertexBasic.obj
         Debug\DXVertexExt.obj
         Debug\DXController.obj
         Debug\DXSystem.obj
         Debug\GUClock.obj
         Debug\GUMemory.obj
         Debug\GUObject.obj
         Debug\main.obj
         Debug\Ocean.obj
         Debug\Particle.obj
         Debug\ParticleCamera.obj
         Debug\Particles.obj
         Debug\ParticleShader.obj
         Debug\ParticleSystem.obj
         Debug\Settings.obj
         Debug\stdafx.obj
         Debug\Triangle.obj
         DX11Proj.vcxproj -> D:\Documents\University\RealTimeRendering\12041041 - DX11Cswk - CS3S603 Assignment02\DX11Proj\Debug\DX11Proj.exe
     1>Done Building Project "D:\Documents\University\RealTimeRendering\12041041 - DX11Cswk - CS3S603 Assignment02\DX11Proj\DX11Proj.vcxproj" (Build target(s)).

Build succeeded.

Time Elapsed 00:00:00.89
